#
# A fatal error has been detected by the Java Runtime Environment:
#
#  EXCEPTION_ACCESS_VIOLATION (0xc0000005) at pc=0x00007ffbed1ad505, pid=1308, tid=9252
#
# JRE version: Java(TM) SE Runtime Environment (11.0.2+9) (build 11.0.2+9-LTS)
# Java VM: Java HotSpot(TM) 64-Bit Server VM (11.0.2+9-LTS, mixed mode, tiered, compressed oops, g1 gc, windows-amd64)
# Problematic frame:
# C  [ig9icd64.dll+0x12d505]
#
# No core dump will be written. Minidumps are not enabled by default on client versions of Windows
#
# If you would like to submit a bug report, please visit:
#   http://bugreport.java.com/bugreport/crash.jsp
# The crash happened outside the Java Virtual Machine in native code.
# See problematic frame for where to report the bug.
#

---------------  S U M M A R Y ------------

Command Line: -javaagent:C:\Program Files\JetBrains\IntelliJ IDEA Community Edition 2018.2.3\lib\idea_rt.jar=61605:C:\Program Files\JetBrains\IntelliJ IDEA Community Edition 2018.2.3\bin -Dfile.encoding=UTF-8 Main

Host: Intel(R) Core(TM) i5-6200U CPU @ 2.30GHz, 4 cores, 7G,  Windows 10 , 64 bit Build 17134 (10.0.17134.706)
Time: Tue Apr 16 00:12:15 2019 Romance Daylight Time elapsed time: 1 seconds (0d 0h 0m 1s)

---------------  T H R E A D  ---------------

Current thread (0x0000021868828800):  JavaThread "main" [_thread_in_native, id=9252, stack(0x0000001f2bf00000,0x0000001f2c000000)]

Stack: [0x0000001f2bf00000,0x0000001f2c000000],  sp=0x0000001f2bffe210,  free space=1016k
Native frames: (J=compiled Java code, j=interpreted, Vv=VM code, C=native code)
C  [ig9icd64.dll+0x12d505]

Java frames: (J=compiled Java code, j=interpreted, Vv=VM code)
j  org.lwjgl.opengl.GL11C.nglTexImage2D(IIIIIIIIJ)V+0
j  org.lwjgl.opengl.GL11C.glTexImage2D(IIIIIIIILjava/nio/ByteBuffer;)V+17
j  org.lwjgl.opengl.GL11.glTexImage2D(IIIIIIIILjava/nio/ByteBuffer;)V+14
j  tools.Program.addTexture(Ljava/nio/ByteBuffer;Ljava/lang/String;IIII)V+72
j  core.features.text.Text.init(Ltools/Program;)V+92
j  modules.display.Display.<init>(Ltools/Context;Lcore/view/Camera;)V+69
j  Window.loop()V+68
j  Window.run()V+5
j  Window.<init>()V+31
j  Main.main([Ljava/lang/String;)V+4
v  ~StubRoutines::call_stub

siginfo: EXCEPTION_ACCESS_VIOLATION (0xc0000005), reading address 0x0000021815505000


Register to memory mapping:

RIP=0x00007ffbed1ad505 ig9icd64.dll
RAX=0x00000000000014ff is an unknown value
RBX=0x0000001f2bffe300 is pointing into the stack for thread: 0x0000021868828800
RCX=0x0 is NULL
RDX=0x0000021815504f90 points into unknown readable memory: 00 00 00 00 00 00 00 00
RSP=0x0000001f2bffe210 is pointing into the stack for thread: 0x0000021868828800
RBP=0x0000001f2bffe370 is pointing into the stack for thread: 0x0000021868828800
RSI=0x00000218133d0000 points into unknown readable memory: 00 00 00 00 00 00 00 00
RDI=0x0000021813477f80 points into unknown readable memory: 00 00 00 00 00 00 00 00
R8 =0x0000000000190000 is an unknown value
R9 =0x0000000000003200 is an unknown value
R10=0x0000000000001500 is an unknown value
R11=0x000002187a9dc124 points into unknown readable memory: 00 00 00 00
R12=0x0 is NULL
R13=0x0000001f2bffe490 is pointing into the stack for thread: 0x0000021868828800
R14=0x0000000000000280 is an unknown value
R15=0x00000000000001c1 is an unknown value


Registers:
RAX=0x00000000000014ff, RBX=0x0000001f2bffe300, RCX=0x0000000000000000, RDX=0x0000021815504f90
RSP=0x0000001f2bffe210, RBP=0x0000001f2bffe370, RSI=0x00000218133d0000, RDI=0x0000021813477f80
R8 =0x0000000000190000, R9 =0x0000000000003200, R10=0x0000000000001500, R11=0x000002187a9dc124
R12=0x0000000000000000, R13=0x0000001f2bffe490, R14=0x0000000000000280, R15=0x00000000000001c1
RIP=0x00007ffbed1ad505, EFLAGS=0x0000000000010217

Top of Stack: (sp=0x0000001f2bffe210)
0x0000001f2bffe210:   bea2cd4ed1b396b0 0000000000000000
0x0000001f2bffe220:   bffe8ec8966a768f 0000000000000000
0x0000001f2bffe230:   000002181545d010 00007ffbed518afc
0x0000001f2bffe240:   0000028000000280 000002181545d010
0x0000001f2bffe250:   00007ffbed5187a0 0000001f2bffe490
0x0000001f2bffe260:   0000000000000000 00007ffbed51b60f
0x0000001f2bffe270:   0000001f2bffe370 0000001f2bffe450
0x0000001f2bffe280:   00000218133d0000 00007ffbed519af0
0x0000001f2bffe290:   0000003100000049 0000000000000001
0x0000001f2bffe2a0:   000002181545d010 00007ffbed0b6100
0x0000001f2bffe2b0:   0000000100000000 0000000000000000
0x0000001f2bffe2c0:   0000000000000000 0000000000000000
0x0000001f2bffe2d0:   000002187a9506e0 00007ffbed0a8905
0x0000001f2bffe2e0:   00007ffbed0b61b0 00007ffbed0a42ea
0x0000001f2bffe2f0:   0000000000000000 0000000000000000
0x0000001f2bffe300:   00007ffbedad54c0 000002187a9c3440 

Instructions: (pc=0x00007ffbed1ad505)
0x00007ffbed1ad4e5:   ff c2 f3 0f 6f 72 10 f3 0f 6f 6a 20 f3 0f 6f 62
0x00007ffbed1ad4f5:   30 f3 0f 6f 5a 40 f3 0f 6f 52 50 f3 0f 6f 4a 60
0x00007ffbed1ad505:   f3 0f 6f 42 70 48 83 ea 80 66 0f e7 3f 66 0f e7
0x00007ffbed1ad515:   77 10 66 0f e7 6f 20 66 0f e7 67 30 66 0f e7 5f 


Stack slot to memory mapping:
stack at sp + 0 slots: 0xbea2cd4ed1b396b0 is an unknown value
stack at sp + 1 slots: 0x0 is NULL
stack at sp + 2 slots: 0xbffe8ec8966a768f is an unknown value
stack at sp + 3 slots: 0x0 is NULL
stack at sp + 4 slots: 0x000002181545d010 points into unknown readable memory: 00 00 00 00 00 00 00 00
stack at sp + 5 slots: 0x00007ffbed518afc ig9icd64.dll
stack at sp + 6 slots: 0x0000028000000280 is an unknown value
stack at sp + 7 slots: 0x000002181545d010 points into unknown readable memory: 00 00 00 00 00 00 00 00


---------------  P R O C E S S  ---------------

Threads class SMR info:
_java_thread_list=0x000002187a72b960, length=11, elements={
0x0000021868828800, 0x0000021879af8800, 0x0000021879af9800, 0x000002187a462800,
0x0000021879b0f000, 0x0000021879b12000, 0x0000021879b16000, 0x000002187a4c7000,
0x0000021879a8b000, 0x000002187a7ae800, 0x000002187a7af800
}

Java Threads: ( => current thread )
=>0x0000021868828800 JavaThread "main" [_thread_in_native, id=9252, stack(0x0000001f2bf00000,0x0000001f2c000000)]
  0x0000021879af8800 JavaThread "Reference Handler" daemon [_thread_blocked, id=9000, stack(0x0000001f2c600000,0x0000001f2c700000)]
  0x0000021879af9800 JavaThread "Finalizer" daemon [_thread_blocked, id=10168, stack(0x0000001f2c700000,0x0000001f2c800000)]
  0x000002187a462800 JavaThread "Signal Dispatcher" daemon [_thread_blocked, id=16260, stack(0x0000001f2c800000,0x0000001f2c900000)]
  0x0000021879b0f000 JavaThread "Attach Listener" daemon [_thread_blocked, id=15284, stack(0x0000001f2c900000,0x0000001f2ca00000)]
  0x0000021879b12000 JavaThread "C2 CompilerThread0" daemon [_thread_blocked, id=17288, stack(0x0000001f2ca00000,0x0000001f2cb00000)]
  0x0000021879b16000 JavaThread "C1 CompilerThread0" daemon [_thread_blocked, id=10116, stack(0x0000001f2cb00000,0x0000001f2cc00000)]
  0x000002187a4c7000 JavaThread "Sweeper thread" daemon [_thread_blocked, id=13376, stack(0x0000001f2cc00000,0x0000001f2cd00000)]
  0x0000021879a8b000 JavaThread "Common-Cleaner" daemon [_thread_blocked, id=12816, stack(0x0000001f2cd00000,0x0000001f2ce00000)]
  0x000002187a7ae800 JavaThread "Monitor Ctrl-Break" daemon [_thread_in_native, id=10288, stack(0x0000001f2ce00000,0x0000001f2cf00000)]
  0x000002187a7af800 JavaThread "Service Thread" daemon [_thread_blocked, id=9516, stack(0x0000001f2cf00000,0x0000001f2d000000)]

Other Threads:
  0x0000021879ad2000 VMThread "VM Thread" [stack: 0x0000001f2c500000,0x0000001f2c600000] [id=2336]
  0x000002187a7b6800 WatcherThread [stack: 0x0000001f2d000000,0x0000001f2d100000] [id=8096]
  0x000002186883e000 GCTaskThread "GC Thread#0" [stack: 0x0000001f2c000000,0x0000001f2c100000] [id=10712]
  0x000002181541b800 GCTaskThread "GC Thread#1" [stack: 0x0000001f2d600000,0x0000001f2d700000] [id=6136]
  0x000002187adcb000 GCTaskThread "GC Thread#2" [stack: 0x0000001f2d700000,0x0000001f2d800000] [id=15980]
  0x000002186886d000 ConcurrentGCThread "G1 Main Marker" [stack: 0x0000001f2c100000,0x0000001f2c200000] [id=7008]
  0x0000021868870000 ConcurrentGCThread "G1 Conc#0" [stack: 0x0000001f2c200000,0x0000001f2c300000] [id=752]
  0x00000218688fe000 ConcurrentGCThread "G1 Refine#0" [stack: 0x0000001f2c300000,0x0000001f2c400000] [id=12456]
  0x0000021879932800 ConcurrentGCThread "G1 Young RemSet Sampling" [stack: 0x0000001f2c400000,0x0000001f2c500000] [id=16864]

Threads with active compile tasks:

VM state:not at safepoint (normal execution)

VM Mutex/Monitor currently owned by a thread: None

Heap address: 0x0000000081a00000, size: 2022 MB, Compressed Oops mode: 32-bit
Narrow klass base: 0x0000000000000000, Narrow klass shift: 3
Compressed class space size: 1073741824 Address: 0x0000000100000000

Heap:
 garbage-first heap   total 131072K, used 2141K [0x0000000081a00000, 0x0000000100000000)
  region size 1024K, 3 young (3072K), 2 survivors (2048K)
 Metaspace       used 12606K, capacity 12798K, committed 12928K, reserved 1060864K
  class space    used 949K, capacity 1039K, committed 1152K, reserved 1048576K
Heap Regions: E=young(eden), S=young(survivor), O=old, HS=humongous(starts), HC=humongous(continues), CS=collection set, F=free, A=archive, TAMS=top-at-mark-start (previous, next)
|   0|0x0000000081a00000, 0x0000000081a17400, 0x0000000081b00000|  9%| O|  |TAMS 0x0000000081a00000, 0x0000000081a00000| Untracked 
|   1|0x0000000081b00000, 0x0000000081b00000, 0x0000000081c00000|  0%| F|  |TAMS 0x0000000081b00000, 0x0000000081b00000| Untracked 
|   2|0x0000000081c00000, 0x0000000081c00000, 0x0000000081d00000|  0%| F|  |TAMS 0x0000000081c00000, 0x0000000081c00000| Untracked 
|   3|0x0000000081d00000, 0x0000000081d00000, 0x0000000081e00000|  0%| F|  |TAMS 0x0000000081d00000, 0x0000000081d00000| Untracked 
|   4|0x0000000081e00000, 0x0000000081e00000, 0x0000000081f00000|  0%| F|  |TAMS 0x0000000081e00000, 0x0000000081e00000| Untracked 
|   5|0x0000000081f00000, 0x0000000081f00000, 0x0000000082000000|  0%| F|  |TAMS 0x0000000081f00000, 0x0000000081f00000| Untracked 
|   6|0x0000000082000000, 0x0000000082000000, 0x0000000082100000|  0%| F|  |TAMS 0x0000000082000000, 0x0000000082000000| Untracked 
|   7|0x0000000082100000, 0x0000000082100000, 0x0000000082200000|  0%| F|  |TAMS 0x0000000082100000, 0x0000000082100000| Untracked 
|   8|0x0000000082200000, 0x0000000082200000, 0x0000000082300000|  0%| F|  |TAMS 0x0000000082200000, 0x0000000082200000| Untracked 
|   9|0x0000000082300000, 0x0000000082300000, 0x0000000082400000|  0%| F|  |TAMS 0x0000000082300000, 0x0000000082300000| Untracked 
|  10|0x0000000082400000, 0x0000000082400000, 0x0000000082500000|  0%| F|  |TAMS 0x0000000082400000, 0x0000000082400000| Untracked 
|  11|0x0000000082500000, 0x0000000082500000, 0x0000000082600000|  0%| F|  |TAMS 0x0000000082500000, 0x0000000082500000| Untracked 
|  12|0x0000000082600000, 0x0000000082600000, 0x0000000082700000|  0%| F|  |TAMS 0x0000000082600000, 0x0000000082600000| Untracked 
|  13|0x0000000082700000, 0x0000000082700000, 0x0000000082800000|  0%| F|  |TAMS 0x0000000082700000, 0x0000000082700000| Untracked 
|  14|0x0000000082800000, 0x0000000082800000, 0x0000000082900000|  0%| F|  |TAMS 0x0000000082800000, 0x0000000082800000| Untracked 
|  15|0x0000000082900000, 0x0000000082900000, 0x0000000082a00000|  0%| F|  |TAMS 0x0000000082900000, 0x0000000082900000| Untracked 
|  16|0x0000000082a00000, 0x0000000082a00000, 0x0000000082b00000|  0%| F|  |TAMS 0x0000000082a00000, 0x0000000082a00000| Untracked 
|  17|0x0000000082b00000, 0x0000000082b00000, 0x0000000082c00000|  0%| F|  |TAMS 0x0000000082b00000, 0x0000000082b00000| Untracked 
|  18|0x0000000082c00000, 0x0000000082c00000, 0x0000000082d00000|  0%| F|  |TAMS 0x0000000082c00000, 0x0000000082c00000| Untracked 
|  19|0x0000000082d00000, 0x0000000082d00000, 0x0000000082e00000|  0%| F|  |TAMS 0x0000000082d00000, 0x0000000082d00000| Untracked 
|  20|0x0000000082e00000, 0x0000000082e00000, 0x0000000082f00000|  0%| F|  |TAMS 0x0000000082e00000, 0x0000000082e00000| Untracked 
|  21|0x0000000082f00000, 0x0000000082f00000, 0x0000000083000000|  0%| F|  |TAMS 0x0000000082f00000, 0x0000000082f00000| Untracked 
|  22|0x0000000083000000, 0x0000000083000000, 0x0000000083100000|  0%| F|  |TAMS 0x0000000083000000, 0x0000000083000000| Untracked 
|  23|0x0000000083100000, 0x0000000083100000, 0x0000000083200000|  0%| F|  |TAMS 0x0000000083100000, 0x0000000083100000| Untracked 
|  24|0x0000000083200000, 0x0000000083200000, 0x0000000083300000|  0%| F|  |TAMS 0x0000000083200000, 0x0000000083200000| Untracked 
|  25|0x0000000083300000, 0x0000000083300000, 0x0000000083400000|  0%| F|  |TAMS 0x0000000083300000, 0x0000000083300000| Untracked 
|  26|0x0000000083400000, 0x0000000083400000, 0x0000000083500000|  0%| F|  |TAMS 0x0000000083400000, 0x0000000083400000| Untracked 
|  27|0x0000000083500000, 0x0000000083500000, 0x0000000083600000|  0%| F|  |TAMS 0x0000000083500000, 0x0000000083500000| Untracked 
|  28|0x0000000083600000, 0x0000000083600000, 0x0000000083700000|  0%| F|  |TAMS 0x0000000083600000, 0x0000000083600000| Untracked 
|  29|0x0000000083700000, 0x0000000083700000, 0x0000000083800000|  0%| F|  |TAMS 0x0000000083700000, 0x0000000083700000| Untracked 
|  30|0x0000000083800000, 0x0000000083800000, 0x0000000083900000|  0%| F|  |TAMS 0x0000000083800000, 0x0000000083800000| Untracked 
|  31|0x0000000083900000, 0x0000000083900000, 0x0000000083a00000|  0%| F|  |TAMS 0x0000000083900000, 0x0000000083900000| Untracked 
|  32|0x0000000083a00000, 0x0000000083a00000, 0x0000000083b00000|  0%| F|  |TAMS 0x0000000083a00000, 0x0000000083a00000| Untracked 
|  33|0x0000000083b00000, 0x0000000083b00000, 0x0000000083c00000|  0%| F|  |TAMS 0x0000000083b00000, 0x0000000083b00000| Untracked 
|  34|0x0000000083c00000, 0x0000000083c00000, 0x0000000083d00000|  0%| F|  |TAMS 0x0000000083c00000, 0x0000000083c00000| Untracked 
|  35|0x0000000083d00000, 0x0000000083d00000, 0x0000000083e00000|  0%| F|  |TAMS 0x0000000083d00000, 0x0000000083d00000| Untracked 
|  36|0x0000000083e00000, 0x0000000083e00000, 0x0000000083f00000|  0%| F|  |TAMS 0x0000000083e00000, 0x0000000083e00000| Untracked 
|  37|0x0000000083f00000, 0x0000000083f00000, 0x0000000084000000|  0%| F|  |TAMS 0x0000000083f00000, 0x0000000083f00000| Untracked 
|  38|0x0000000084000000, 0x0000000084000000, 0x0000000084100000|  0%| F|  |TAMS 0x0000000084000000, 0x0000000084000000| Untracked 
|  39|0x0000000084100000, 0x0000000084100000, 0x0000000084200000|  0%| F|  |TAMS 0x0000000084100000, 0x0000000084100000| Untracked 
|  40|0x0000000084200000, 0x0000000084200000, 0x0000000084300000|  0%| F|  |TAMS 0x0000000084200000, 0x0000000084200000| Untracked 
|  41|0x0000000084300000, 0x0000000084300000, 0x0000000084400000|  0%| F|  |TAMS 0x0000000084300000, 0x0000000084300000| Untracked 
|  42|0x0000000084400000, 0x0000000084400000, 0x0000000084500000|  0%| F|  |TAMS 0x0000000084400000, 0x0000000084400000| Untracked 
|  43|0x0000000084500000, 0x0000000084500000, 0x0000000084600000|  0%| F|  |TAMS 0x0000000084500000, 0x0000000084500000| Untracked 
|  44|0x0000000084600000, 0x0000000084600000, 0x0000000084700000|  0%| F|  |TAMS 0x0000000084600000, 0x0000000084600000| Untracked 
|  45|0x0000000084700000, 0x0000000084700000, 0x0000000084800000|  0%| F|  |TAMS 0x0000000084700000, 0x0000000084700000| Untracked 
|  46|0x0000000084800000, 0x0000000084800000, 0x0000000084900000|  0%| F|  |TAMS 0x0000000084800000, 0x0000000084800000| Untracked 
|  47|0x0000000084900000, 0x0000000084900000, 0x0000000084a00000|  0%| F|  |TAMS 0x0000000084900000, 0x0000000084900000| Untracked 
|  48|0x0000000084a00000, 0x0000000084a00000, 0x0000000084b00000|  0%| F|  |TAMS 0x0000000084a00000, 0x0000000084a00000| Untracked 
|  49|0x0000000084b00000, 0x0000000084b00000, 0x0000000084c00000|  0%| F|  |TAMS 0x0000000084b00000, 0x0000000084b00000| Untracked 
|  50|0x0000000084c00000, 0x0000000084c00000, 0x0000000084d00000|  0%| F|  |TAMS 0x0000000084c00000, 0x0000000084c00000| Untracked 
|  51|0x0000000084d00000, 0x0000000084d00000, 0x0000000084e00000|  0%| F|  |TAMS 0x0000000084d00000, 0x0000000084d00000| Untracked 
|  52|0x0000000084e00000, 0x0000000084e00000, 0x0000000084f00000|  0%| F|  |TAMS 0x0000000084e00000, 0x0000000084e00000| Untracked 
|  53|0x0000000084f00000, 0x0000000084f00000, 0x0000000085000000|  0%| F|  |TAMS 0x0000000084f00000, 0x0000000084f00000| Untracked 
|  54|0x0000000085000000, 0x0000000085000000, 0x0000000085100000|  0%| F|  |TAMS 0x0000000085000000, 0x0000000085000000| Untracked 
|  55|0x0000000085100000, 0x0000000085100000, 0x0000000085200000|  0%| F|  |TAMS 0x0000000085100000, 0x0000000085100000| Untracked 
|  56|0x0000000085200000, 0x0000000085200000, 0x0000000085300000|  0%| F|  |TAMS 0x0000000085200000, 0x0000000085200000| Untracked 
|  57|0x0000000085300000, 0x0000000085300000, 0x0000000085400000|  0%| F|  |TAMS 0x0000000085300000, 0x0000000085300000| Untracked 
|  58|0x0000000085400000, 0x0000000085400000, 0x0000000085500000|  0%| F|  |TAMS 0x0000000085400000, 0x0000000085400000| Untracked 
|  59|0x0000000085500000, 0x0000000085500000, 0x0000000085600000|  0%| F|  |TAMS 0x0000000085500000, 0x0000000085500000| Untracked 
|  60|0x0000000085600000, 0x0000000085600000, 0x0000000085700000|  0%| F|  |TAMS 0x0000000085600000, 0x0000000085600000| Untracked 
|  61|0x0000000085700000, 0x0000000085700000, 0x0000000085800000|  0%| F|  |TAMS 0x0000000085700000, 0x0000000085700000| Untracked 
|  62|0x0000000085800000, 0x0000000085800000, 0x0000000085900000|  0%| F|  |TAMS 0x0000000085800000, 0x0000000085800000| Untracked 
|  63|0x0000000085900000, 0x0000000085900000, 0x0000000085a00000|  0%| F|  |TAMS 0x0000000085900000, 0x0000000085900000| Untracked 
|  64|0x0000000085a00000, 0x0000000085a00000, 0x0000000085b00000|  0%| F|  |TAMS 0x0000000085a00000, 0x0000000085a00000| Untracked 
|  65|0x0000000085b00000, 0x0000000085b00000, 0x0000000085c00000|  0%| F|  |TAMS 0x0000000085b00000, 0x0000000085b00000| Untracked 
|  66|0x0000000085c00000, 0x0000000085c00000, 0x0000000085d00000|  0%| F|  |TAMS 0x0000000085c00000, 0x0000000085c00000| Untracked 
|  67|0x0000000085d00000, 0x0000000085d00000, 0x0000000085e00000|  0%| F|  |TAMS 0x0000000085d00000, 0x0000000085d00000| Untracked 
|  68|0x0000000085e00000, 0x0000000085e00000, 0x0000000085f00000|  0%| F|  |TAMS 0x0000000085e00000, 0x0000000085e00000| Untracked 
|  69|0x0000000085f00000, 0x0000000085f00000, 0x0000000086000000|  0%| F|  |TAMS 0x0000000085f00000, 0x0000000085f00000| Untracked 
|  70|0x0000000086000000, 0x0000000086000000, 0x0000000086100000|  0%| F|  |TAMS 0x0000000086000000, 0x0000000086000000| Untracked 
|  71|0x0000000086100000, 0x0000000086100000, 0x0000000086200000|  0%| F|  |TAMS 0x0000000086100000, 0x0000000086100000| Untracked 
|  72|0x0000000086200000, 0x0000000086200000, 0x0000000086300000|  0%| F|  |TAMS 0x0000000086200000, 0x0000000086200000| Untracked 
|  73|0x0000000086300000, 0x0000000086300000, 0x0000000086400000|  0%| F|  |TAMS 0x0000000086300000, 0x0000000086300000| Untracked 
|  74|0x0000000086400000, 0x0000000086400000, 0x0000000086500000|  0%| F|  |TAMS 0x0000000086400000, 0x0000000086400000| Untracked 
|  75|0x0000000086500000, 0x0000000086500000, 0x0000000086600000|  0%| F|  |TAMS 0x0000000086500000, 0x0000000086500000| Untracked 
|  76|0x0000000086600000, 0x0000000086600000, 0x0000000086700000|  0%| F|  |TAMS 0x0000000086600000, 0x0000000086600000| Untracked 
|  77|0x0000000086700000, 0x0000000086700000, 0x0000000086800000|  0%| F|  |TAMS 0x0000000086700000, 0x0000000086700000| Untracked 
|  78|0x0000000086800000, 0x0000000086800000, 0x0000000086900000|  0%| F|  |TAMS 0x0000000086800000, 0x0000000086800000| Untracked 
|  79|0x0000000086900000, 0x0000000086900000, 0x0000000086a00000|  0%| F|  |TAMS 0x0000000086900000, 0x0000000086900000| Untracked 
|  80|0x0000000086a00000, 0x0000000086a00000, 0x0000000086b00000|  0%| F|  |TAMS 0x0000000086a00000, 0x0000000086a00000| Untracked 
|  81|0x0000000086b00000, 0x0000000086b00000, 0x0000000086c00000|  0%| F|  |TAMS 0x0000000086b00000, 0x0000000086b00000| Untracked 
|  82|0x0000000086c00000, 0x0000000086c00000, 0x0000000086d00000|  0%| F|  |TAMS 0x0000000086c00000, 0x0000000086c00000| Untracked 
|  83|0x0000000086d00000, 0x0000000086d00000, 0x0000000086e00000|  0%| F|  |TAMS 0x0000000086d00000, 0x0000000086d00000| Untracked 
|  84|0x0000000086e00000, 0x0000000086e00000, 0x0000000086f00000|  0%| F|  |TAMS 0x0000000086e00000, 0x0000000086e00000| Untracked 
|  85|0x0000000086f00000, 0x0000000086f00000, 0x0000000087000000|  0%| F|  |TAMS 0x0000000086f00000, 0x0000000086f00000| Untracked 
|  86|0x0000000087000000, 0x0000000087000000, 0x0000000087100000|  0%| F|  |TAMS 0x0000000087000000, 0x0000000087000000| Untracked 
|  87|0x0000000087100000, 0x0000000087100000, 0x0000000087200000|  0%| F|  |TAMS 0x0000000087100000, 0x0000000087100000| Untracked 
|  88|0x0000000087200000, 0x0000000087200000, 0x0000000087300000|  0%| F|  |TAMS 0x0000000087200000, 0x0000000087200000| Untracked 
|  89|0x0000000087300000, 0x0000000087300000, 0x0000000087400000|  0%| F|  |TAMS 0x0000000087300000, 0x0000000087300000| Untracked 
|  90|0x0000000087400000, 0x0000000087400000, 0x0000000087500000|  0%| F|  |TAMS 0x0000000087400000, 0x0000000087400000| Untracked 
|  91|0x0000000087500000, 0x0000000087500000, 0x0000000087600000|  0%| F|  |TAMS 0x0000000087500000, 0x0000000087500000| Untracked 
|  92|0x0000000087600000, 0x0000000087600000, 0x0000000087700000|  0%| F|  |TAMS 0x0000000087600000, 0x0000000087600000| Untracked 
|  93|0x0000000087700000, 0x0000000087700000, 0x0000000087800000|  0%| F|  |TAMS 0x0000000087700000, 0x0000000087700000| Untracked 
|  94|0x0000000087800000, 0x0000000087800000, 0x0000000087900000|  0%| F|  |TAMS 0x0000000087800000, 0x0000000087800000| Untracked 
|  95|0x0000000087900000, 0x0000000087900000, 0x0000000087a00000|  0%| F|  |TAMS 0x0000000087900000, 0x0000000087900000| Untracked 
|  96|0x0000000087a00000, 0x0000000087a00000, 0x0000000087b00000|  0%| F|  |TAMS 0x0000000087a00000, 0x0000000087a00000| Untracked 
|  97|0x0000000087b00000, 0x0000000087b00000, 0x0000000087c00000|  0%| F|  |TAMS 0x0000000087b00000, 0x0000000087b00000| Untracked 
|  98|0x0000000087c00000, 0x0000000087c00000, 0x0000000087d00000|  0%| F|  |TAMS 0x0000000087c00000, 0x0000000087c00000| Untracked 
|  99|0x0000000087d00000, 0x0000000087d00000, 0x0000000087e00000|  0%| F|  |TAMS 0x0000000087d00000, 0x0000000087d00000| Untracked 
| 100|0x0000000087e00000, 0x0000000087e00000, 0x0000000087f00000|  0%| F|  |TAMS 0x0000000087e00000, 0x0000000087e00000| Untracked 
| 101|0x0000000087f00000, 0x0000000087f00000, 0x0000000088000000|  0%| F|  |TAMS 0x0000000087f00000, 0x0000000087f00000| Untracked 
| 102|0x0000000088000000, 0x0000000088000000, 0x0000000088100000|  0%| F|  |TAMS 0x0000000088000000, 0x0000000088000000| Untracked 
| 103|0x0000000088100000, 0x0000000088100000, 0x0000000088200000|  0%| F|  |TAMS 0x0000000088100000, 0x0000000088100000| Untracked 
| 104|0x0000000088200000, 0x0000000088200000, 0x0000000088300000|  0%| F|  |TAMS 0x0000000088200000, 0x0000000088200000| Untracked 
| 105|0x0000000088300000, 0x0000000088300000, 0x0000000088400000|  0%| F|  |TAMS 0x0000000088300000, 0x0000000088300000| Untracked 
| 106|0x0000000088400000, 0x0000000088400000, 0x0000000088500000|  0%| F|  |TAMS 0x0000000088400000, 0x0000000088400000| Untracked 
| 107|0x0000000088500000, 0x0000000088500000, 0x0000000088600000|  0%| F|  |TAMS 0x0000000088500000, 0x0000000088500000| Untracked 
| 108|0x0000000088600000, 0x0000000088600000, 0x0000000088700000|  0%| F|  |TAMS 0x0000000088600000, 0x0000000088600000| Untracked 
| 109|0x0000000088700000, 0x0000000088700000, 0x0000000088800000|  0%| F|  |TAMS 0x0000000088700000, 0x0000000088700000| Untracked 
| 110|0x0000000088800000, 0x0000000088800000, 0x0000000088900000|  0%| F|  |TAMS 0x0000000088800000, 0x0000000088800000| Untracked 
| 111|0x0000000088900000, 0x0000000088900000, 0x0000000088a00000|  0%| F|  |TAMS 0x0000000088900000, 0x0000000088900000| Untracked 
| 112|0x0000000088a00000, 0x0000000088b00000, 0x0000000088b00000|100%| S|CS|TAMS 0x0000000088a00000, 0x0000000088a00000| Complete 
| 113|0x0000000088b00000, 0x0000000088c00000, 0x0000000088c00000|100%| S|CS|TAMS 0x0000000088b00000, 0x0000000088b00000| Complete 
| 114|0x0000000088c00000, 0x0000000088c00000, 0x0000000088d00000|  0%| F|  |TAMS 0x0000000088c00000, 0x0000000088c00000| Untracked 
| 115|0x0000000088d00000, 0x0000000088d00000, 0x0000000088e00000|  0%| F|  |TAMS 0x0000000088d00000, 0x0000000088d00000| Untracked 
| 116|0x0000000088e00000, 0x0000000088e00000, 0x0000000088f00000|  0%| F|  |TAMS 0x0000000088e00000, 0x0000000088e00000| Untracked 
| 117|0x0000000088f00000, 0x0000000088f00000, 0x0000000089000000|  0%| F|  |TAMS 0x0000000088f00000, 0x0000000088f00000| Untracked 
| 118|0x0000000089000000, 0x0000000089000000, 0x0000000089100000|  0%| F|  |TAMS 0x0000000089000000, 0x0000000089000000| Untracked 
| 119|0x0000000089100000, 0x0000000089100000, 0x0000000089200000|  0%| F|  |TAMS 0x0000000089100000, 0x0000000089100000| Untracked 
| 120|0x0000000089200000, 0x0000000089200000, 0x0000000089300000|  0%| F|  |TAMS 0x0000000089200000, 0x0000000089200000| Untracked 
| 121|0x0000000089300000, 0x0000000089300000, 0x0000000089400000|  0%| F|  |TAMS 0x0000000089300000, 0x0000000089300000| Untracked 
| 122|0x0000000089400000, 0x0000000089400000, 0x0000000089500000|  0%| F|  |TAMS 0x0000000089400000, 0x0000000089400000| Untracked 
| 123|0x0000000089500000, 0x0000000089500000, 0x0000000089600000|  0%| F|  |TAMS 0x0000000089500000, 0x0000000089500000| Untracked 
| 124|0x0000000089600000, 0x0000000089600000, 0x0000000089700000|  0%| F|  |TAMS 0x0000000089600000, 0x0000000089600000| Untracked 
| 125|0x0000000089700000, 0x0000000089700000, 0x0000000089800000|  0%| F|  |TAMS 0x0000000089700000, 0x0000000089700000| Untracked 
| 126|0x0000000089800000, 0x0000000089800000, 0x0000000089900000|  0%| F|  |TAMS 0x0000000089800000, 0x0000000089800000| Untracked 
| 127|0x0000000089900000, 0x0000000089a00000, 0x0000000089a00000|100%| E|  |TAMS 0x0000000089900000, 0x0000000089900000| Complete 

Card table byte_map: [0x0000021872d60000,0x0000021873160000] _byte_map_base: 0x0000021872953000

Marking Bits (Prev, Next): (CMBitMap*) 0x00000218688641b8, (CMBitMap*) 0x00000218688641f0
 Prev Bits: [0x0000021873560000, 0x00000218754f8000)
 Next Bits: [0x0000021875500000, 0x0000021877498000)

Polling page: 0x0000021868900000

Metaspace:

Usage:
  Non-class:     11.48 MB capacity,    11.38 MB (>99%) used,    85.27 KB ( <1%) free+waste,    17.44 KB ( <1%) overhead. 
      Class:      1.01 MB capacity,   949.91 KB ( 91%) used,    81.65 KB (  8%) free+waste,     7.44 KB ( <1%) overhead. 
       Both:     12.50 MB capacity,    12.31 MB ( 99%) used,   166.91 KB (  1%) free+waste,    24.88 KB ( <1%) overhead. 

Virtual space:
  Non-class space:       12.00 MB reserved,      11.50 MB ( 96%) committed 
      Class space:        1.00 GB reserved,       1.13 MB ( <1%) committed 
             Both:        1.01 GB reserved,      12.63 MB (  1%) committed 

Chunk freelists:
   Non-Class:  2.13 KB
       Class:  2.13 KB
        Both:  4.25 KB

CodeHeap 'non-profiled nmethods': size=120064Kb used=243Kb max_used=243Kb free=119820Kb
 bounds [0x0000021807ac0000, 0x0000021807d30000, 0x000002180f000000]
CodeHeap 'profiled nmethods': size=120000Kb used=1523Kb max_used=1523Kb free=118476Kb
 bounds [0x0000021800590000, 0x0000021800800000, 0x0000021807ac0000]
CodeHeap 'non-nmethods': size=5696Kb used=1435Kb max_used=1447Kb free=4261Kb
 bounds [0x0000021800000000, 0x0000021800270000, 0x0000021800590000]
 total_blobs=1958 nmethods=872 adapters=849
 compilation: enabled
              stopped_count=0, restarted_count=0
 full_count=0

Compilation events (10 events):
Event: 1.444 Thread 0x0000021879b16000 nmethod 868 0x0000021800709910 code [0x0000021800709b20, 0x000002180070a220]
Event: 1.444 Thread 0x0000021879b16000  869       3       java.util.zip.InflaterInputStream::close (34 bytes)
Event: 1.444 Thread 0x0000021879b16000 nmethod 869 0x000002180070a510 code [0x000002180070a6e0, 0x000002180070a9e0]
Event: 1.445 Thread 0x0000021879b16000  870       3       java.lang.ClassLoader::checkPackageAccess (102 bytes)
Event: 1.446 Thread 0x0000021879b16000 nmethod 870 0x000002180070ab10 code [0x000002180070adc0, 0x000002180070b910]
Event: 1.451 Thread 0x0000021879b12000 nmethod 867 0x0000021807afc410 code [0x0000021807afc5e0, 0x0000021807afcbd8]
Event: 1.458 Thread 0x0000021879b16000  871       3       java.util.Vector::add (23 bytes)
Event: 1.459 Thread 0x0000021879b16000 nmethod 871 0x000002180070be10 code [0x000002180070c020, 0x000002180070c5c0]
Event: 1.461 Thread 0x0000021879b16000  872       3       java.nio.ByteBuffer::flip (7 bytes)
Event: 1.461 Thread 0x0000021879b16000 nmethod 872 0x000002180070c810 code [0x000002180070c9c0, 0x000002180070cb98]

GC Heap History (2 events):
Event: 1.379 GC heap before
{Heap before GC invocations=0 (full 0):
 garbage-first heap   total 131072K, used 13312K [0x0000000081a00000, 0x0000000100000000)
  region size 1024K, 14 young (14336K), 0 survivors (0K)
 Metaspace       used 12449K, capacity 12629K, committed 12800K, reserved 1060864K
  class space    used 940K, capacity 1004K, committed 1024K, reserved 1048576K
}
Event: 1.408 GC heap after
{Heap after GC invocations=1 (full 0):
 garbage-first heap   total 131072K, used 2141K [0x0000000081a00000, 0x0000000100000000)
  region size 1024K, 2 young (2048K), 2 survivors (2048K)
 Metaspace       used 12449K, capacity 12629K, committed 12800K, reserved 1060864K
  class space    used 940K, capacity 1004K, committed 1024K, reserved 1048576K
}

Deoptimization events (2 events):
Event: 0.476 Thread 0x0000021868828800 Uncommon trap: reason=unstable_if action=reinterpret pc=0x0000021807ace5fc method=java.util.HashMap.putVal(ILjava/lang/Object;Ljava/lang/Object;ZZ)Ljava/lang/Object; @ 181 c2
Event: 0.502 Thread 0x0000021868828800 Uncommon trap: reason=unstable_if action=reinterpret pc=0x0000021807ac5d90 method=java.lang.String.isLatin1()Z @ 10 c2

Classes redefined (0 events):
No events

Internal exceptions (6 events):
Event: 0.573 Thread 0x0000021868828800 Exception <a 'java/lang/NoSuchMethodError'{0x0000000089685bc8}: java.lang.invoke.DelegatingMethodHandle$Holder.delegate(Ljava/lang/Object;Ljava/lang/Object;ILjava/lang/Object;)V> (0x0000000089685bc8) thrown at [t:/workspace/open/src/hotspot/share/interpre
Event: 0.574 Thread 0x0000021868828800 Exception <a 'java/lang/NoSuchMethodError'{0x000000008968cf78}: java.lang.invoke.DirectMethodHandle$Holder.invokeStaticInit(Ljava/lang/Object;Ljava/lang/Object;Ljava/lang/Object;)Ljava/lang/Object;> (0x000000008968cf78) thrown at [t:/workspace/open/src/ho
Event: 0.921 Thread 0x0000021868828800 Exception <a 'sun/nio/fs/WindowsException'{0x00000000894c20d0}> (0x00000000894c20d0) thrown at [t:/workspace/open/src/hotspot/share/prims/jni.cpp, line 615]
Event: 0.922 Thread 0x0000021868828800 Exception <a 'sun/nio/fs/WindowsException'{0x00000000894c25b8}> (0x00000000894c25b8) thrown at [t:/workspace/open/src/hotspot/share/prims/jni.cpp, line 615]
Event: 1.350 Thread 0x0000021868828800 Exception <a 'java/lang/NoSuchMethodError'{0x0000000088c5d768}: java.lang.invoke.DirectMethodHandle$Holder.invokeStatic(Ljava/lang/Object;Ljava/lang/Object;Ljava/lang/Object;Ljava/lang/Object;Ljava/lang/Object;Ljava/lang/Object;Ljava/lang/Object;Ljava/lan
Event: 1.352 Thread 0x0000021868828800 Exception <a 'java/lang/NoSuchMethodError'{0x0000000088c6a678}: java.lang.invoke.DirectMethodHandle$Holder.invokeStatic(Ljava/lang/Object;Ljava/lang/Object;Ljava/lang/Object;Ljava/lang/Object;Ljava/lang/Object;Ljava/lang/Object;Ljava/lang/Object;Ljava/lan

Events (10 events):
Event: 1.441 loading class org/lwjgl/stb/STBTruetype
Event: 1.441 loading class org/lwjgl/stb/STBTruetype done
Event: 1.443 loading class org/lwjgl/stb/STBTTBakedChar$Buffer
Event: 1.443 loading class org/lwjgl/stb/STBTTBakedChar$Buffer done
Event: 1.443 loading class org/lwjgl/stb/STBTTVertex$Buffer
Event: 1.443 loading class org/lwjgl/stb/STBTTVertex$Buffer done
Event: 1.444 loading class org/lwjgl/stb/STBTTPackedchar$Buffer
Event: 1.444 loading class org/lwjgl/stb/STBTTPackedchar$Buffer done
Event: 1.457 loading class org/lwjgl/stb/STBTTBakedChar
Event: 1.457 loading class org/lwjgl/stb/STBTTBakedChar done


Dynamic libraries:
0x00007ff671330000 - 0x00007ff671377000 	C:\Program Files\Java\jdk-11.0.2\bin\java.exe
0x00007ffc35b50000 - 0x00007ffc35d31000 	C:\WINDOWS\SYSTEM32\ntdll.dll
0x00007ffc339d0000 - 0x00007ffc33a81000 	C:\WINDOWS\System32\KERNEL32.DLL
0x00007ffc32260000 - 0x00007ffc324d3000 	C:\WINDOWS\System32\KERNELBASE.dll
0x00007ffc34340000 - 0x00007ffc343e1000 	C:\WINDOWS\System32\ADVAPI32.dll
0x00007ffc332a0000 - 0x00007ffc3333e000 	C:\WINDOWS\System32\msvcrt.dll
0x00007ffc35ac0000 - 0x00007ffc35b1b000 	C:\WINDOWS\System32\sechost.dll
0x00007ffc33800000 - 0x00007ffc33924000 	C:\WINDOWS\System32\RPCRT4.dll
0x00007ffc33670000 - 0x00007ffc33800000 	C:\WINDOWS\System32\USER32.dll
0x00007ffc32560000 - 0x00007ffc32580000 	C:\WINDOWS\System32\win32u.dll
0x00007ffc34310000 - 0x00007ffc34338000 	C:\WINDOWS\System32\GDI32.dll
0x00007ffc31fc0000 - 0x00007ffc32152000 	C:\WINDOWS\System32\gdi32full.dll
0x00007ffc31f20000 - 0x00007ffc31fbf000 	C:\WINDOWS\System32\msvcp_win.dll
0x00007ffc32160000 - 0x00007ffc32258000 	C:\WINDOWS\System32\ucrtbase.dll
0x00007ffc20140000 - 0x00007ffc203a9000 	C:\WINDOWS\WinSxS\amd64_microsoft.windows.common-controls_6595b64144ccf1df_6.0.17134.706_none_fb43a2cb30647007\COMCTL32.dll
0x00007ffc33340000 - 0x00007ffc33662000 	C:\WINDOWS\System32\combase.dll
0x00007ffc324e0000 - 0x00007ffc3255a000 	C:\WINDOWS\System32\bcryptPrimitives.dll
0x00007ffc2c3d0000 - 0x00007ffc2c3da000 	C:\WINDOWS\SYSTEM32\VERSION.dll
0x00007ffc339a0000 - 0x00007ffc339cd000 	C:\WINDOWS\System32\IMM32.DLL
0x00007ffc2d130000 - 0x00007ffc2d146000 	C:\Program Files\Java\jdk-11.0.2\bin\vcruntime140.dll
0x00007ffc0c360000 - 0x00007ffc0c40a000 	C:\Program Files\Java\jdk-11.0.2\bin\msvcp140.dll
0x00007ffbfec50000 - 0x00007ffbff777000 	C:\Program Files\Java\jdk-11.0.2\bin\server\jvm.dll
0x00007ffc33290000 - 0x00007ffc33298000 	C:\WINDOWS\System32\PSAPI.DLL
0x00007ffc30a50000 - 0x00007ffc30a59000 	C:\WINDOWS\SYSTEM32\WSOCK32.dll
0x00007ffc33930000 - 0x00007ffc3399c000 	C:\WINDOWS\System32\WS2_32.dll
0x00007ffc2e920000 - 0x00007ffc2e943000 	C:\WINDOWS\SYSTEM32\WINMM.dll
0x00007ffc2e8f0000 - 0x00007ffc2e91a000 	C:\WINDOWS\SYSTEM32\WINMMBASE.dll
0x00007ffc32580000 - 0x00007ffc325c9000 	C:\WINDOWS\System32\cfgmgr32.dll
0x00007ffc31ee0000 - 0x00007ffc31ef1000 	C:\WINDOWS\System32\kernel.appcore.dll
0x00007ffc2d110000 - 0x00007ffc2d121000 	C:\Program Files\Java\jdk-11.0.2\bin\verify.dll
0x00007ffc30860000 - 0x00007ffc30a29000 	C:\WINDOWS\SYSTEM32\DBGHELP.DLL
0x00007ffc17450000 - 0x00007ffc17479000 	C:\WINDOWS\SYSTEM32\dbgcore.DLL
0x00007ffc148c0000 - 0x00007ffc148e9000 	C:\Program Files\Java\jdk-11.0.2\bin\java.dll
0x00007ffc0b950000 - 0x00007ffc0b97f000 	C:\Program Files\Java\jdk-11.0.2\bin\instrument.dll
0x00007ffc144f0000 - 0x00007ffc14506000 	C:\Program Files\Java\jdk-11.0.2\bin\zip.dll
0x00007ffc2e670000 - 0x00007ffc2e67a000 	C:\Program Files\Java\jdk-11.0.2\bin\jimage.dll
0x00007ffc34670000 - 0x00007ffc35ab0000 	C:\WINDOWS\System32\SHELL32.dll
0x00007ffc33180000 - 0x00007ffc33229000 	C:\WINDOWS\System32\shcore.dll
0x00007ffc32870000 - 0x00007ffc32f7d000 	C:\WINDOWS\System32\windows.storage.dll
0x00007ffc33a90000 - 0x00007ffc33ae1000 	C:\WINDOWS\System32\shlwapi.dll
0x00007ffc31f00000 - 0x00007ffc31f1f000 	C:\WINDOWS\System32\profapi.dll
0x00007ffc31e60000 - 0x00007ffc31eac000 	C:\WINDOWS\System32\powrprof.dll
0x00007ffc31eb0000 - 0x00007ffc31eba000 	C:\WINDOWS\System32\FLTLIB.DLL
0x00007ffc0ec20000 - 0x00007ffc0ec39000 	C:\Program Files\Java\jdk-11.0.2\bin\net.dll
0x00007ffc26120000 - 0x00007ffc261fd000 	C:\WINDOWS\SYSTEM32\WINHTTP.dll
0x00007ffc24d60000 - 0x00007ffc24f28000 	C:\WINDOWS\SYSTEM32\urlmon.dll
0x00007ffc25cc0000 - 0x00007ffc25f66000 	C:\WINDOWS\SYSTEM32\iertutil.dll
0x00007ffc31830000 - 0x00007ffc3183b000 	C:\WINDOWS\SYSTEM32\CRYPTBASE.DLL
0x00007ffc31680000 - 0x00007ffc316e6000 	C:\WINDOWS\system32\mswsock.dll
0x00007ffc0da30000 - 0x00007ffc0da43000 	C:\Program Files\Java\jdk-11.0.2\bin\nio.dll
0x00007ffc0c780000 - 0x00007ffc0c79a000 	C:\Program Files\JetBrains\IntelliJ IDEA Community Edition 2018.2.3\bin\breakgen64.dll
0x00007ffc0ae60000 - 0x00007ffc0aec1000 	C:\Users\Cchiv\AppData\Local\Temp\lwjglCchiv\3.2.0-build-12\lwjgl.dll
0x00007ffc0ae00000 - 0x00007ffc0ae5c000 	C:\Users\Cchiv\AppData\Local\Temp\lwjglCchiv\3.2.0-build-12\glfw.dll
0x00007ffc2ffc0000 - 0x00007ffc30058000 	C:\WINDOWS\system32\uxtheme.dll
0x00007ffc0b520000 - 0x00007ffc0b563000 	C:\WINDOWS\SYSTEM32\dinput8.dll
0x00007ffc1ba10000 - 0x00007ffc1ba20000 	C:\WINDOWS\SYSTEM32\xinput1_4.dll
0x00007ffc31c70000 - 0x00007ffc31c97000 	C:\WINDOWS\SYSTEM32\DEVOBJ.dll
0x00007ffc30210000 - 0x00007ffc30239000 	C:\WINDOWS\SYSTEM32\dwmapi.dll
0x00007ffc1e2e0000 - 0x00007ffc1e359000 	C:\WINDOWS\SYSTEM32\inputhost.dll
0x00007ffc2f8f0000 - 0x00007ffc2f9ca000 	C:\WINDOWS\SYSTEM32\CoreMessaging.dll
0x00007ffc2d450000 - 0x00007ffc2d59d000 	C:\WINDOWS\SYSTEM32\wintypes.dll
0x00007ffc2d640000 - 0x00007ffc2d95e000 	C:\WINDOWS\SYSTEM32\CoreUIComponents.dll
0x00007ffc30f30000 - 0x00007ffc30f61000 	C:\WINDOWS\SYSTEM32\ntmarta.dll
0x00007ffc343f0000 - 0x00007ffc34563000 	C:\WINDOWS\System32\MSCTF.dll
0x00007ffc33f40000 - 0x00007ffc34002000 	C:\WINDOWS\System32\OLEAUT32.dll
0x00007ffc307b0000 - 0x00007ffc307bc000 	C:\WINDOWS\SYSTEM32\HID.DLL
0x00007ffc33af0000 - 0x00007ffc33f3b000 	C:\WINDOWS\System32\SETUPAPI.DLL
0x00007ffc32f80000 - 0x00007ffc32fd7000 	C:\WINDOWS\System32\WINTRUST.dll
0x00007ffc31ec0000 - 0x00007ffc31ed2000 	C:\WINDOWS\System32\MSASN1.dll
0x00007ffc325d0000 - 0x00007ffc327b2000 	C:\WINDOWS\System32\CRYPT32.dll
0x00007ffc1d7f0000 - 0x00007ffc1d910000 	C:\WINDOWS\SYSTEM32\opengl32.dll
0x00007ffc1dd50000 - 0x00007ffc1dd7c000 	C:\WINDOWS\SYSTEM32\GLU32.dll
0x00007ffbed080000 - 0x00007ffbedf5b000 	C:\WINDOWS\System32\DriverStore\FileRepository\igdlh64.inf_amd64_e8abe176c7b553b5\ig9icd64.dll
0x00007ffc30c00000 - 0x00007ffc30cbb000 	C:\WINDOWS\SYSTEM32\dxgi.dll
0x00007ffc28040000 - 0x00007ffc29efe000 	C:\WINDOWS\System32\DriverStore\FileRepository\igdlh64.inf_amd64_e8abe176c7b553b5\igc64.dll
0x00007ffc1f2d0000 - 0x00007ffc1f366000 	C:\WINDOWS\System32\TextInputFramework.dll
0x00007ffc0ada0000 - 0x00007ffc0adf9000 	C:\Users\Cchiv\AppData\Local\Temp\lwjglCchiv\3.2.0-build-12\lwjgl_opengl.dll
0x00007ffc017a0000 - 0x00007ffc01821000 	C:\Users\Cchiv\AppData\Local\Temp\lwjglCchiv\3.2.0-build-12\lwjgl_stb.dll

dbghelp: loaded successfully - version: 4.0.5 - missing functions: none
symbol engine: initialized successfully - sym options: 0x614 - pdb path: .;C:\Program Files\Java\jdk-11.0.2\bin;C:\WINDOWS\SYSTEM32;C:\WINDOWS\WinSxS\amd64_microsoft.windows.common-controls_6595b64144ccf1df_6.0.17134.706_none_fb43a2cb30647007;C:\Program Files\Java\jdk-11.0.2\bin\server;C:\Program Files\JetBrains\IntelliJ IDEA Community Edition 2018.2.3\bin;C:\Users\Cchiv\AppData\Local\Temp\lwjglCchiv\3.2.0-build-12;C:\WINDOWS\System32\DriverStore\FileRepository\igdlh64.inf_amd64_e8abe176c7b553b5

VM Arguments:
jvm_args: -javaagent:C:\Program Files\JetBrains\IntelliJ IDEA Community Edition 2018.2.3\lib\idea_rt.jar=61605:C:\Program Files\JetBrains\IntelliJ IDEA Community Edition 2018.2.3\bin -Dfile.encoding=UTF-8 
java_command: Main
java_class_path (initial): C:\Users\Cchiv\Desktop\Engine\InkMan\out\production\InkMan;C:\Users\Cchiv\Desktop\Engine\LWJGL\lwjgl.jar;C:\Users\Cchiv\Desktop\Engine\LWJGL\lwjgl-stb.jar;C:\Users\Cchiv\Desktop\Engine\LWJGL\lwjgl-glfw.jar;C:\Users\Cchiv\Desktop\Engine\LWJGL\lwjgl-opengl.jar;C:\Users\Cchiv\Desktop\Engine\LWJGL\lwjgl-sources.jar;C:\Users\Cchiv\Desktop\Engine\LWJGL\lwjgl-stb-sources.jar;C:\Users\Cchiv\Desktop\Engine\LWJGL\lwjgl-glfw-sources.jar;C:\Users\Cchiv\Desktop\Engine\LWJGL\lwjgl-opengl-sources.jar;C:\Users\Cchiv\Desktop\Engine\LWJGL\lwjgl-natives-windows.jar;C:\Users\Cchiv\Desktop\Engine\LWJGL\lwjgl-stb-natives-windows.jar;C:\Users\Cchiv\Desktop\Engine\LWJGL\lwjgl-glfw-natives-windows.jar;C:\Users\Cchiv\Desktop\Engine\LWJGL\lwjgl-opengl-natives-windows.jar
Launcher Type: SUN_STANDARD

[Global flags]
     intx CICompilerCount                          = 3                                         {product} {ergonomic}
     uint ConcGCThreads                            = 1                                         {product} {ergonomic}
     uint G1ConcRefinementThreads                  = 4                                         {product} {ergonomic}
   size_t G1HeapRegionSize                         = 1048576                                   {product} {ergonomic}
    uintx GCDrainStackTargetSize                   = 64                                        {product} {ergonomic}
   size_t InitialHeapSize                          = 134217728                                 {product} {ergonomic}
   size_t MarkStackSize                            = 4194304                                   {product} {ergonomic}
   size_t MaxHeapSize                              = 2120220672                                {product} {ergonomic}
   size_t MaxNewSize                               = 1271922688                                {product} {ergonomic}
   size_t MinHeapDeltaBytes                        = 1048576                                   {product} {ergonomic}
    uintx NonNMethodCodeHeapSize                   = 5830092                                {pd product} {ergonomic}
    uintx NonProfiledCodeHeapSize                  = 122914074                              {pd product} {ergonomic}
    uintx ProfiledCodeHeapSize                     = 122914074                              {pd product} {ergonomic}
    uintx ReservedCodeCacheSize                    = 251658240                              {pd product} {ergonomic}
     bool SegmentedCodeCache                       = true                                      {product} {ergonomic}
     bool UseCompressedClassPointers               = true                                 {lp64_product} {ergonomic}
     bool UseCompressedOops                        = true                                 {lp64_product} {ergonomic}
     bool UseG1GC                                  = true                                      {product} {ergonomic}
     bool UseLargePagesIndividualAllocation        = false                                  {pd product} {ergonomic}

Logging:
Log output configuration:
 #0: stdout all=warning uptime,level,tags
 #1: stderr all=off uptime,level,tags

Environment Variables:
PATH=C:\Program Files (x86)\Common Files\Oracle\Java\javapath;C:\Program Files (x86)\Intel\iCLS Client\;C:\Program Files\Intel\iCLS Client\;C:\WINDOWS\system32;C:\WINDOWS;C:\WINDOWS\System32\Wbem;C:\WINDOWS\System32\WindowsPowerShell\v1.0\;C:\Program Files (x86)\Intel\Intel(R) Management Engine Components\DAL;C:\Program Files\Intel\Intel(R) Management Engine Components\DAL;C:\Program Files (x86)\Intel\Intel(R) Management Engine Components\IPT;C:\Program Files\Intel\Intel(R) Management Engine Components\IPT;C:\WINDOWS\System32\OpenSSH\;C:\Program Files\Git\cmd;C:\cygwin64;C:\Program Files\nodejs\;C:\Program Files\Intel\WiFi\bin\;C:\Program Files\Common Files\Intel\WirelessCommon\;C:\Sqlite;C:\Program Files\Android\Android Studio\gradle\gradle-4.4\bin;C:\Program Files\Android\Android Studio\jre\jre\bin;C:\Users\Cchiv\AppData\Local\Google\Cloud SDK\google-cloud-sdk.staging\bin;C:\Users\Cchiv\Anaconda3\Scripts\;C:\Users\Cchiv\Desktop\Artificial Intelligence\ffmpeg-4.1-win64-static\bin\;C:\Users\Cchiv\Anaconda3\;C:\cygwin64\bin;C:\Program Files\Java\jdk1.8.0_171\bin;C:\Users\Cchiv\AppData\Local\Microsoft\WindowsApps;C:\Users\Cchiv\AppData\Local\atom\bin;C:\cygwin64\bin;C:\Users\Cchiv\AppData\Roaming\npm;C:\Program Files\Heroku\bin;C:\Program Files\nodejs\node;C:\Program Files\Intel\WiFi\bin\;C:\Program Files\Common Files\Intel\WirelessCommon\;C:\Users\Cchiv\AppData\Local\Google\Cloud SDK\google-cloud-sdk\bin;C:\Users\Cchiv\Desktop\ffmpeg-4.1-win64-static\bin\;C:\Program Files\PostgreSQL\11\bin;
USERNAME=Cchiv
OS=Windows_NT
PROCESSOR_IDENTIFIER=Intel64 Family 6 Model 78 Stepping 3, GenuineIntel



---------------  S Y S T E M  ---------------

OS: Windows 10 , 64 bit Build 17134 (10.0.17134.706)

CPU:total 4 (initial active 4) (2 cores per cpu, 2 threads per core) family 6 model 78 stepping 3, cmov, cx8, fxsr, mmx, sse, sse2, sse3, ssse3, sse4.1, sse4.2, popcnt, avx, avx2, aes, clmul, erms, 3dnowpref, lzcnt, ht, tsc, tscinvbit, bmi1, bmi2, adx, fma

Memory: 4k page, system-wide physical 8082M (2047M free)
TotalPageFile size 10727M (AvailPageFile size 1841M)
current process WorkingSet (physical memory assigned to process): 111M, peak: 111M
current process commit charge ("private bytes"): 227M, peak: 227M

vm_info: Java HotSpot(TM) 64-Bit Server VM (11.0.2+9-LTS) for windows-amd64 JRE (11.0.2+9-LTS), built on Jan 18 2019 05:24:10 by "mach5one" with MS VC++ 15.5 (VS2017)

END.
