#
# A fatal error has been detected by the Java Runtime Environment:
#
#  EXCEPTION_ACCESS_VIOLATION (0xc0000005) at pc=0x00007ffda13d2680, pid=10968, tid=0x00000000000037d0
#
# JRE version: Java(TM) SE Runtime Environment (8.0_171-b11) (build 1.8.0_171-b11)
# Java VM: Java HotSpot(TM) 64-Bit Server VM (25.171-b11 mixed mode windows-amd64 compressed oops)
# Problematic frame:
# C  [ig9icd64.dll+0x12680]
#
# Failed to write core dump. Minidumps are not enabled by default on client versions of Windows
#
# If you would like to submit a bug report, please visit:
#   http://bugreport.java.com/bugreport/crash.jsp
# The crash happened outside the Java Virtual Machine in native code.
# See problematic frame for where to report the bug.
#

---------------  T H R E A D  ---------------

Current thread (0x0000000002723800):  JavaThread "main" [_thread_in_native, id=14288, stack(0x00000000024a0000,0x00000000025a0000)]

siginfo: ExceptionCode=0xc0000005, reading address 0x0000000000000010

Registers:
RAX=0xfffffffffffffe00, RBX=0x000000001acdb650, RCX=0x0000000024a30000, RDX=0x0000000000000000
RSP=0x000000000259efb0, RBP=0x000000001acdb650, RSI=0x0000000000000024, RDI=0x0000000000000010
R8 =0x0000000000000040, R9 =0x0000000000000000, R10=0x0000000000000004, R11=0x0000000000000000
R12=0x0000000000000001, R13=0x000000001acb0080, R14=0x0000000000000004, R15=0x0000000000000006
RIP=0x00007ffda13d2680, EFLAGS=0x0000000000010203

Top of Stack: (sp=0x000000000259efb0)
0x000000000259efb0:   cafebabecafebabe 0000000000000000
0x000000000259efc0:   0000000000000000 0000000000000000
0x000000000259efd0:   000000001acdb670 00007ffda158d6e9
0x000000000259efe0:   0000000000000000 000000001acb0080
0x000000000259eff0:   000000001acdb650 00007ffda158be3a
0x000000000259f000:   000000002375d1b0 0000000023760fac
0x000000000259f010:   0000000000000000 00007ffdc2b6c510
0x000000000259f020:   0000000002723800 0000000000000000
0x000000000259f030:   0000000024241960 0000000000000004
0x000000000259f040:   000000001acdb650 00007ffda158d118
0x000000000259f050:   0000000000000000 000000001acb0080
0x000000000259f060:   0000000000000000 0000000000000000
0x000000000259f070:   0000000000000024 0000000000000000
0x000000000259f080:   0000000000000301 0000000002723c80
0x000000000259f090:   0000000000000004 00007ffda1d24c77
0x000000000259f0a0:   000000001acb0080 000000001acdb650 

Instructions: (pc=0x00007ffda13d2680)
0x00007ffda13d2660:   80 00 00 00 0f 82 7f 00 00 00 4d 8b d0 49 c1 ea
0x00007ffda13d2670:   07 49 6b c2 80 4c 03 c0 0f 1f 84 00 00 00 00 00
0x00007ffda13d2680:   f3 41 0f 6f 79 10 49 8b c1 f3 41 0f 6f 71 20 49
0x00007ffda13d2690:   83 e9 80 48 8b d1 48 83 e9 80 f3 0f 6f 00 f3 41 


Register to memory mapping:

RAX=0xfffffffffffffe00 is an unknown value
RBX=0x000000001acdb650 is an unknown value
RCX=0x0000000024a30000 is an unknown value
RDX=0x0000000000000000 is an unknown value
RSP=0x000000000259efb0 is pointing into the stack for thread: 0x0000000002723800
RBP=0x000000001acdb650 is an unknown value
RSI=0x0000000000000024 is an unknown value
RDI=0x0000000000000010 is an unknown value
R8 =0x0000000000000040 is an unknown value
R9 =0x0000000000000000 is an unknown value
R10=0x0000000000000004 is an unknown value
R11=0x0000000000000000 is an unknown value
R12=0x0000000000000001 is an unknown value
R13=0x000000001acb0080 is an unknown value
R14=0x0000000000000004 is an unknown value
R15=0x0000000000000006 is an unknown value


Stack: [0x00000000024a0000,0x00000000025a0000],  sp=0x000000000259efb0,  free space=1019k
Native frames: (J=compiled Java code, j=interpreted, Vv=VM code, C=native code)
C  [ig9icd64.dll+0x12680]
C  [ig9icd64.dll+0x1cd6e9]
C  [ig9icd64.dll+0x1cd118]
C  [ig9icd64.dll+0x964c77]
C  0x0000000002838c67

Java frames: (J=compiled Java code, j=interpreted, Vv=VM code)
j  org.lwjgl.opengl.GL11C.glDrawArrays(III)V+0
j  org.lwjgl.opengl.GL11.glDrawArrays(III)V+3
j  modules.fighter.Fighter.render()V+25
j  Window.loop()V+183
j  Window.run()V+5
j  Window.<init>()V+26
j  Main.main([Ljava/lang/String;)V+4
v  ~StubRoutines::call_stub

---------------  P R O C E S S  ---------------

Java Threads: ( => current thread )
  0x0000000018b19800 JavaThread "Service Thread" daemon [_thread_blocked, id=12128, stack(0x00000000191a0000,0x00000000192a0000)]
  0x0000000018ab3000 JavaThread "C1 CompilerThread2" daemon [_thread_blocked, id=4056, stack(0x00000000190a0000,0x00000000191a0000)]
  0x0000000018a64800 JavaThread "C2 CompilerThread1" daemon [_thread_blocked, id=15216, stack(0x0000000018fa0000,0x00000000190a0000)]
  0x0000000018a62000 JavaThread "C2 CompilerThread0" daemon [_thread_blocked, id=6872, stack(0x0000000018ea0000,0x0000000018fa0000)]
  0x0000000018a0c800 JavaThread "Monitor Ctrl-Break" daemon [_thread_in_native, id=11168, stack(0x0000000018da0000,0x0000000018ea0000)]
  0x000000001735f000 JavaThread "Attach Listener" daemon [_thread_blocked, id=7392, stack(0x00000000188a0000,0x00000000189a0000)]
  0x000000001735b800 JavaThread "Signal Dispatcher" daemon [_thread_blocked, id=11652, stack(0x00000000187a0000,0x00000000188a0000)]
  0x000000000281d000 JavaThread "Finalizer" daemon [_thread_blocked, id=14772, stack(0x00000000185b0000,0x00000000186b0000)]
  0x0000000017329000 JavaThread "Reference Handler" daemon [_thread_blocked, id=15208, stack(0x00000000184b0000,0x00000000185b0000)]
=>0x0000000002723800 JavaThread "main" [_thread_in_native, id=14288, stack(0x00000000024a0000,0x00000000025a0000)]

Other Threads:
  0x0000000017328000 VMThread [stack: 0x00000000183b0000,0x00000000184b0000] [id=6224]
  0x0000000018b4d800 WatcherThread [stack: 0x00000000192a0000,0x00000000193a0000] [id=9208]

VM state:not at safepoint (normal execution)

VM Mutex/Monitor currently owned by a thread: None

Heap:
 PSYoungGen      total 38400K, used 19223K [0x00000000d5e00000, 0x00000000d8880000, 0x0000000100000000)
  eden space 33280K, 57% used [0x00000000d5e00000,0x00000000d70c5f88,0x00000000d7e80000)
  from space 5120K, 0% used [0x00000000d8380000,0x00000000d8380000,0x00000000d8880000)
  to   space 5120K, 0% used [0x00000000d7e80000,0x00000000d7e80000,0x00000000d8380000)
 ParOldGen       total 87552K, used 0K [0x0000000081a00000, 0x0000000086f80000, 0x00000000d5e00000)
  object space 87552K, 0% used [0x0000000081a00000,0x0000000081a00000,0x0000000086f80000)
 Metaspace       used 9260K, capacity 9493K, committed 9600K, reserved 1058816K
  class space    used 788K, capacity 874K, committed 896K, reserved 1048576K

Card table byte_map: [0x0000000011be0000,0x0000000011fe0000] byte_map_base: 0x00000000117d3000

Marking Bits: (ParMarkBitMap*) 0x00000000600408c0
 Begin Bits: [0x0000000012690000, 0x0000000014628000)
 End Bits:   [0x0000000014628000, 0x00000000165c0000)

Polling page: 0x0000000000750000

CodeCache: size=245760Kb used=2914Kb max_used=2914Kb free=242845Kb
 bounds [0x0000000002820000, 0x0000000002b00000, 0x0000000011820000]
 total_blobs=1487 nmethods=652 adapters=748
 compilation: enabled

Compilation events (10 events):
Event: 1.306 Thread 0x0000000018ab3000  650       3       java.util.LinkedList::indexOf (73 bytes)
Event: 1.307 Thread 0x0000000018ab3000 nmethod 650 0x0000000002af7750 code [0x0000000002af78e0, 0x0000000002af7d88]
Event: 1.307 Thread 0x0000000018ab3000  648       3       java.util.LinkedList::linkLast (59 bytes)
Event: 1.307 Thread 0x0000000018ab3000 nmethod 648 0x0000000002af7f10 code [0x0000000002af8080, 0x0000000002af83d0]
Event: 1.307 Thread 0x0000000018ab3000  649       3       sun.misc.JarIndex::addToList (59 bytes)
Event: 1.308 Thread 0x0000000018ab3000 nmethod 649 0x0000000002af8510 code [0x0000000002af8740, 0x0000000002af9258]
Event: 1.308 Thread 0x0000000018ab3000  651       3       java.util.LinkedList$Node::<init> (20 bytes)
Event: 1.308 Thread 0x0000000018ab3000 nmethod 651 0x0000000002af97d0 code [0x0000000002af9920, 0x0000000002af9b10]
Event: 1.308 Thread 0x0000000018ab3000  652       3       sun.misc.JarIndex::addMapping (21 bytes)
Event: 1.308 Thread 0x0000000018ab3000 nmethod 652 0x0000000002af9bd0 code [0x0000000002af9d40, 0x0000000002af9f38]

GC Heap History (0 events):
No events

Deoptimization events (1 events):
Event: 0.466 Thread 0x0000000002723800 Uncommon trap: reason=null_check action=make_not_entrant pc=0x00000000029a5494 method=java.lang.String.equals(Ljava/lang/Object;)Z @ 8

Classes redefined (0 events):
No events

Internal exceptions (10 events):
Event: 0.244 Thread 0x0000000002723800 Exception <a 'java/lang/NoSuchMethodError': java.lang.Object.lambda$static$0(Ljava/lang/String;)Ljava/lang/Boolean;> (0x00000000d6200338) thrown at [C:\re\workspace\8-2-build-windows-amd64-cygwin\jdk8u171\10807\hotspot\src\share\vm\interpreter\linkResolve
Event: 0.267 Thread 0x0000000002723800 Exception <a 'java/lang/NoSuchFieldError': method resolution failed> (0x00000000d62826a8) thrown at [C:\re\workspace\8-2-build-windows-amd64-cygwin\jdk8u171\10807\hotspot\src\share\vm\prims\methodHandles.cpp, line 1167]
Event: 0.269 Thread 0x0000000002723800 Exception <a 'java/lang/NoSuchFieldError': method resolution failed> (0x00000000d6290798) thrown at [C:\re\workspace\8-2-build-windows-amd64-cygwin\jdk8u171\10807\hotspot\src\share\vm\prims\methodHandles.cpp, line 1167]
Event: 0.391 Thread 0x0000000002723800 Exception <a 'java/security/PrivilegedActionException'> (0x00000000d647cd88) thrown at [C:\re\workspace\8-2-build-windows-amd64-cygwin\jdk8u171\10807\hotspot\src\share\vm\prims\jvm.cpp, line 1435]
Event: 0.391 Thread 0x0000000002723800 Exception <a 'java/security/PrivilegedActionException'> (0x00000000d647cf98) thrown at [C:\re\workspace\8-2-build-windows-amd64-cygwin\jdk8u171\10807\hotspot\src\share\vm\prims\jvm.cpp, line 1435]
Event: 0.406 Thread 0x0000000002723800 Exception <a 'java/security/PrivilegedActionException'> (0x00000000d6481090) thrown at [C:\re\workspace\8-2-build-windows-amd64-cygwin\jdk8u171\10807\hotspot\src\share\vm\prims\jvm.cpp, line 1435]
Event: 0.406 Thread 0x0000000002723800 Exception <a 'java/security/PrivilegedActionException'> (0x00000000d64812a0) thrown at [C:\re\workspace\8-2-build-windows-amd64-cygwin\jdk8u171\10807\hotspot\src\share\vm\prims\jvm.cpp, line 1435]
Event: 0.466 Thread 0x0000000002723800 Implicit null exception at 0x00000000029a52db to 0x00000000029a5485
Event: 0.836 Thread 0x0000000002723800 Exception <a 'sun/nio/fs/WindowsException'> (0x00000000d67350e0) thrown at [C:\re\workspace\8-2-build-windows-amd64-cygwin\jdk8u171\10807\hotspot\src\share\vm\prims\jni.cpp, line 709]
Event: 0.837 Thread 0x0000000002723800 Exception <a 'sun/nio/fs/WindowsException'> (0x00000000d6736ae0) thrown at [C:\re\workspace\8-2-build-windows-amd64-cygwin\jdk8u171\10807\hotspot\src\share\vm\prims\jni.cpp, line 709]

Events (10 events):
Event: 1.294 loading class org/lwjgl/opengl/GL$ICDStatic$WriteOnce
Event: 1.294 loading class org/lwjgl/opengl/GL$ICDStatic$WriteOnce done
Event: 1.298 loading class tools/Model
Event: 1.298 loading class tools/Model done
Event: 1.299 loading class tools/Model$ModelContainer
Event: 1.299 loading class tools/Model$ModelContainer done
Event: 1.303 loading class core/Settings
Event: 1.303 loading class core/Settings done
Event: 1.304 loading class com/sun/javafx/geom/Vec4f
Event: 1.304 loading class com/sun/javafx/geom/Vec4f done


Dynamic libraries:
0x00007ff6cc670000 - 0x00007ff6cc6a7000 	C:\Program Files\Java\jdk1.8.0_171\bin\java.exe
0x00007ffdfb650000 - 0x00007ffdfb831000 	C:\WINDOWS\SYSTEM32\ntdll.dll
0x00007ffdf8c10000 - 0x00007ffdf8cc2000 	C:\WINDOWS\System32\KERNEL32.DLL
0x00007ffdf7be0000 - 0x00007ffdf7e53000 	C:\WINDOWS\System32\KERNELBASE.dll
0x00007ffdfac40000 - 0x00007ffdface1000 	C:\WINDOWS\System32\ADVAPI32.dll
0x00007ffdfaaf0000 - 0x00007ffdfab8e000 	C:\WINDOWS\System32\msvcrt.dll
0x00007ffdfad80000 - 0x00007ffdfaddb000 	C:\WINDOWS\System32\sechost.dll
0x00007ffdf8ae0000 - 0x00007ffdf8c04000 	C:\WINDOWS\System32\RPCRT4.dll
0x00007ffdfa3c0000 - 0x00007ffdfa550000 	C:\WINDOWS\System32\USER32.dll
0x00007ffdf7bc0000 - 0x00007ffdf7be0000 	C:\WINDOWS\System32\win32u.dll
0x00007ffdfb1a0000 - 0x00007ffdfb1c8000 	C:\WINDOWS\System32\GDI32.dll
0x00007ffdf7f60000 - 0x00007ffdf80f2000 	C:\WINDOWS\System32\gdi32full.dll
0x00007ffdf7a70000 - 0x00007ffdf7b0f000 	C:\WINDOWS\System32\msvcp_win.dll
0x00007ffdf7e60000 - 0x00007ffdf7f5a000 	C:\WINDOWS\System32\ucrtbase.dll
0x00007ffdefbe0000 - 0x00007ffdefe49000 	C:\WINDOWS\WinSxS\amd64_microsoft.windows.common-controls_6595b64144ccf1df_6.0.17134.523_none_fb409dd930672a56\COMCTL32.dll
0x00007ffdfa5f0000 - 0x00007ffdfa912000 	C:\WINDOWS\System32\combase.dll
0x00007ffdf8870000 - 0x00007ffdf88ea000 	C:\WINDOWS\System32\bcryptPrimitives.dll
0x00007ffdfacf0000 - 0x00007ffdfad1d000 	C:\WINDOWS\System32\IMM32.DLL
0x00000000600c0000 - 0x0000000060192000 	C:\Program Files\Java\jdk1.8.0_171\jre\bin\msvcr100.dll
0x000000005f820000 - 0x00000000600c0000 	C:\Program Files\Java\jdk1.8.0_171\jre\bin\server\jvm.dll
0x00007ffdfade0000 - 0x00007ffdfade8000 	C:\WINDOWS\System32\PSAPI.DLL
0x00007ffdf6550000 - 0x00007ffdf6559000 	C:\WINDOWS\SYSTEM32\WSOCK32.dll
0x00007ffdeded0000 - 0x00007ffdedef3000 	C:\WINDOWS\SYSTEM32\WINMM.dll
0x00007ffdf31e0000 - 0x00007ffdf31ea000 	C:\WINDOWS\SYSTEM32\VERSION.dll
0x00007ffdfb060000 - 0x00007ffdfb0cc000 	C:\WINDOWS\System32\WS2_32.dll
0x00007ffdede30000 - 0x00007ffdede5a000 	C:\WINDOWS\SYSTEM32\WINMMBASE.dll
0x00007ffdf7a20000 - 0x00007ffdf7a69000 	C:\WINDOWS\System32\cfgmgr32.dll
0x000000005f810000 - 0x000000005f81f000 	C:\Program Files\Java\jdk1.8.0_171\jre\bin\verify.dll
0x000000005f7e0000 - 0x000000005f809000 	C:\Program Files\Java\jdk1.8.0_171\jre\bin\java.dll
0x000000005f7b0000 - 0x000000005f7d3000 	C:\Program Files\Java\jdk1.8.0_171\jre\bin\instrument.dll
0x000000005f790000 - 0x000000005f7a6000 	C:\Program Files\Java\jdk1.8.0_171\jre\bin\zip.dll
0x00007ffdf8cd0000 - 0x00007ffdfa110000 	C:\WINDOWS\System32\SHELL32.dll
0x00007ffdfab90000 - 0x00007ffdfac39000 	C:\WINDOWS\System32\shcore.dll
0x00007ffdf8100000 - 0x00007ffdf880d000 	C:\WINDOWS\System32\windows.storage.dll
0x00007ffdfad20000 - 0x00007ffdfad71000 	C:\WINDOWS\System32\shlwapi.dll
0x00007ffdf7a00000 - 0x00007ffdf7a11000 	C:\WINDOWS\System32\kernel.appcore.dll
0x00007ffdf79b0000 - 0x00007ffdf79cf000 	C:\WINDOWS\System32\profapi.dll
0x00007ffdf7960000 - 0x00007ffdf79ac000 	C:\WINDOWS\System32\powrprof.dll
0x00007ffdf79f0000 - 0x00007ffdf79fa000 	C:\WINDOWS\System32\FLTLIB.DLL
0x00007ffdf26a0000 - 0x00007ffdf26ba000 	C:\Program Files\JetBrains\IntelliJ IDEA Community Edition 2018.2.3\bin\breakgen64.dll
0x000000005f770000 - 0x000000005f78a000 	C:\Program Files\Java\jdk1.8.0_171\jre\bin\net.dll
0x00007ffdf7180000 - 0x00007ffdf71e6000 	C:\WINDOWS\system32\mswsock.dll
0x000000005f750000 - 0x000000005f761000 	C:\Program Files\Java\jdk1.8.0_171\jre\bin\nio.dll
0x00007ffdc6560000 - 0x00007ffdc65c1000 	C:\Users\Cchiv\AppData\Local\Temp\lwjglCchiv\3.2.0-build-12\lwjgl.dll
0x00007ffdd99f0000 - 0x00007ffdd9a4c000 	C:\Users\Cchiv\AppData\Local\Temp\lwjglCchiv\3.2.0-build-12\glfw.dll
0x00007ffdf5c40000 - 0x00007ffdf5cd8000 	C:\WINDOWS\system32\uxtheme.dll
0x00007ffdc32a0000 - 0x00007ffdc32e3000 	C:\WINDOWS\SYSTEM32\dinput8.dll
0x00007ffdf2df0000 - 0x00007ffdf2e00000 	C:\WINDOWS\SYSTEM32\xinput1_4.dll
0x00007ffdf7710000 - 0x00007ffdf7737000 	C:\WINDOWS\SYSTEM32\DEVOBJ.dll
0x00007ffdf5d40000 - 0x00007ffdf5d69000 	C:\WINDOWS\SYSTEM32\dwmapi.dll
0x00007ffde19b0000 - 0x00007ffde1a29000 	C:\WINDOWS\SYSTEM32\inputhost.dll
0x00007ffdf58e0000 - 0x00007ffdf59ba000 	C:\WINDOWS\SYSTEM32\CoreMessaging.dll
0x00007ffdf36b0000 - 0x00007ffdf37fd000 	C:\WINDOWS\SYSTEM32\wintypes.dll
0x00007ffde11a0000 - 0x00007ffde14be000 	C:\WINDOWS\SYSTEM32\CoreUIComponents.dll
0x00007ffdf6a30000 - 0x00007ffdf6a61000 	C:\WINDOWS\SYSTEM32\ntmarta.dll
0x00007ffdfadf0000 - 0x00007ffdfaf63000 	C:\WINDOWS\System32\MSCTF.dll
0x00007ffdfb0d0000 - 0x00007ffdfb192000 	C:\WINDOWS\System32\OLEAUT32.dll
0x00007ffdf6540000 - 0x00007ffdf654c000 	C:\WINDOWS\SYSTEM32\HID.DLL
0x00007ffdfb1d0000 - 0x00007ffdfb61b000 	C:\WINDOWS\System32\SETUPAPI.DLL
0x00007ffdf8810000 - 0x00007ffdf8867000 	C:\WINDOWS\System32\WINTRUST.dll
0x00007ffdf79d0000 - 0x00007ffdf79e2000 	C:\WINDOWS\System32\MSASN1.dll
0x00007ffdf88f0000 - 0x00007ffdf8ad2000 	C:\WINDOWS\System32\CRYPT32.dll
0x00007ffddf9f0000 - 0x00007ffddfb10000 	C:\WINDOWS\SYSTEM32\opengl32.dll
0x00007ffde17a0000 - 0x00007ffde17cc000 	C:\WINDOWS\SYSTEM32\GLU32.dll
0x00007ffda13c0000 - 0x00007ffda229b000 	C:\WINDOWS\System32\DriverStore\FileRepository\igdlh64.inf_amd64_e8abe176c7b553b5\ig9icd64.dll
0x00007ffdf6700000 - 0x00007ffdf67bb000 	C:\WINDOWS\SYSTEM32\dxgi.dll
0x00007ffddc440000 - 0x00007ffdde2fe000 	C:\WINDOWS\System32\DriverStore\FileRepository\igdlh64.inf_amd64_e8abe176c7b553b5\igc64.dll
0x00007ffddf830000 - 0x00007ffddf8c6000 	C:\WINDOWS\System32\TextInputFramework.dll
0x00007ffdc2b60000 - 0x00007ffdc2bb9000 	C:\Users\Cchiv\AppData\Local\Temp\lwjglCchiv\3.2.0-build-12\lwjgl_opengl.dll
0x00007ffdf6220000 - 0x00007ffdf63e9000 	C:\WINDOWS\SYSTEM32\dbghelp.dll

VM Arguments:
jvm_args: -javaagent:C:\Program Files\JetBrains\IntelliJ IDEA Community Edition 2018.2.3\lib\idea_rt.jar=53505:C:\Program Files\JetBrains\IntelliJ IDEA Community Edition 2018.2.3\bin -Dfile.encoding=UTF-8 
java_command: Main
java_class_path (initial): C:\Program Files\Java\jdk1.8.0_171\jre\lib\charsets.jar;C:\Program Files\Java\jdk1.8.0_171\jre\lib\deploy.jar;C:\Program Files\Java\jdk1.8.0_171\jre\lib\ext\access-bridge-64.jar;C:\Program Files\Java\jdk1.8.0_171\jre\lib\ext\cldrdata.jar;C:\Program Files\Java\jdk1.8.0_171\jre\lib\ext\dnsns.jar;C:\Program Files\Java\jdk1.8.0_171\jre\lib\ext\jaccess.jar;C:\Program Files\Java\jdk1.8.0_171\jre\lib\ext\jfxrt.jar;C:\Program Files\Java\jdk1.8.0_171\jre\lib\ext\localedata.jar;C:\Program Files\Java\jdk1.8.0_171\jre\lib\ext\nashorn.jar;C:\Program Files\Java\jdk1.8.0_171\jre\lib\ext\sunec.jar;C:\Program Files\Java\jdk1.8.0_171\jre\lib\ext\sunjce_provider.jar;C:\Program Files\Java\jdk1.8.0_171\jre\lib\ext\sunmscapi.jar;C:\Program Files\Java\jdk1.8.0_171\jre\lib\ext\sunpkcs11.jar;C:\Program Files\Java\jdk1.8.0_171\jre\lib\ext\zipfs.jar;C:\Program Files\Java\jdk1.8.0_171\jre\lib\javaws.jar;C:\Program Files\Java\jdk1.8.0_171\jre\lib\jce.jar;C:\Program Files\Java\jdk1.8.0_171\jre\lib\jfr.jar;C:\Program Files\Java\jdk1.8.0_171\jre\lib\jfxswt.jar;C:\Program Files\Java\jdk1.8.0_171\jre\lib\jsse.jar;C:\Program Files\Java\jdk1.8.0_171\jre\lib\management-agent.jar;C:\Program Files\Java\jdk1.8.0_171\jre\lib\plugin.jar;C:\Program Files\Java\jdk1.8.0_171\jre\lib\resources.jar;C:\Program Files\Java\jdk1.8.0_171\jre\lib\rt.jar;C:\Users\Cchiv\Desktop\Engine\InkMan\out\production\InkMan;C:\Users\Cchiv\Desktop\Engine\LWJGL\lwjgl.jar;C:\Users\Cchiv\Desktop\Engine\LWJGL\lwjgl-stb.jar;C:\Users\Cchiv\Desktop\Engine\LWJGL\lwjgl-glfw.jar;C:\Users\Cchiv\Desktop\Engine\LWJGL\lwjgl-opengl.jar;C:\Users\Cchiv\Desktop\Engine\LWJGL\lwjgl-sources.jar;C:\Users\Cchiv\Desktop\Engine\LWJGL\lwjgl-stb-sources.jar;C:\Users\Cchiv\Desktop\Engine\LWJGL\lwjgl-glfw-sources.jar;C:\Users\Cchiv\Desktop\Engine\LWJGL\lwjgl-opengl-sources.jar;C:\Users\Cchiv\Desktop\Engine\LWJGL\lwjgl-natives-windows.jar;C:\Users\Cchiv\Desktop\Engine\LWJGL\lwjgl-stb-natives-windows.jar;C:\Users\Cchiv\Desktop\Engine\
Launcher Type: SUN_STANDARD

Environment Variables:
PATH=C:\Program Files (x86)\Common Files\Oracle\Java\javapath;C:\Program Files (x86)\Intel\iCLS Client\;C:\Program Files\Intel\iCLS Client\;C:\WINDOWS\system32;C:\WINDOWS;C:\WINDOWS\System32\Wbem;C:\WINDOWS\System32\WindowsPowerShell\v1.0\;C:\Program Files (x86)\Intel\Intel(R) Management Engine Components\DAL;C:\Program Files\Intel\Intel(R) Management Engine Components\DAL;C:\Program Files (x86)\Intel\Intel(R) Management Engine Components\IPT;C:\Program Files\Intel\Intel(R) Management Engine Components\IPT;C:\WINDOWS\System32\OpenSSH\;C:\Program Files\Git\cmd;C:\cygwin64;C:\Program Files\nodejs\;C:\Program Files\Intel\WiFi\bin\;C:\Program Files\Common Files\Intel\WirelessCommon\;C:\Sqlite;C:\Program Files\Android\Android Studio\gradle\gradle-4.4\bin;C:\Program Files\Android\Android Studio\jre\jre\bin;C:\Users\Cchiv\AppData\Local\Google\Cloud SDK\google-cloud-sdk.staging\bin;C:\Users\Cchiv\Anaconda3\Scripts\;C:\Users\Cchiv\Desktop\Artificial Intelligence\ffmpeg-4.1-win64-static\bin\;C:\Users\Cchiv\Anaconda3\;C:\cygwin64\bin;C:\Users\Cchiv\AppData\Local\Microsoft\WindowsApps;C:\Users\Cchiv\AppData\Local\atom\bin;C:\cygwin64\bin;C:\Users\Cchiv\AppData\Roaming\npm;C:\Program Files\Heroku\bin;C:\Program Files\nodejs\node;C:\Program Files\Intel\WiFi\bin\;C:\Program Files\Common Files\Intel\WirelessCommon\;C:\Users\Cchiv\AppData\Local\Google\Cloud SDK\google-cloud-sdk\bin;C:\Users\Cchiv\Desktop\ffmpeg-4.1-win64-static\bin\;C:\Program Files\PostgreSQL\11\bin;
USERNAME=Cchiv
OS=Windows_NT
PROCESSOR_IDENTIFIER=Intel64 Family 6 Model 78 Stepping 3, GenuineIntel



---------------  S Y S T E M  ---------------

OS: Windows 10.0 , 64 bit Build 17134 (10.0.17134.1)

CPU:total 4 (initial active 4) (2 cores per cpu, 2 threads per core) family 6 model 78 stepping 3, cmov, cx8, fxsr, mmx, sse, sse2, sse3, ssse3, sse4.1, sse4.2, popcnt, avx, avx2, aes, clmul, erms, 3dnowpref, lzcnt, ht, tsc, tscinvbit, bmi1, bmi2, adx

Memory: 4k page, physical 8276896k(2243588k free), swap 11355200k(2115548k free)

vm_info: Java HotSpot(TM) 64-Bit Server VM (25.171-b11) for windows-amd64 JRE (1.8.0_171-b11), built on Mar 28 2018 16:06:12 by "java_re" with MS VC++ 10.0 (VS2010)

time: Sun Feb 03 21:28:52 2019
elapsed time: 1 seconds (0d 0h 0m 1s)

